<?xml version="1.0" encoding="UTF-8"?>
<!-- Generated by org.testng.reporters.JUnitReportReporter -->
<testsuite hostname="jayashree-pc" name="test_cases.VerifyHomePage" tests="1" failures="0" timestamp="1 Aug 2018 18:35:32 GMT" time="12.536" errors="0">
  <testcase name="testHomePage" time="12.536" classname="test_cases.VerifyHomePage"/>
</testsuite> <!-- test_cases.VerifyHomePage -->
