<?xml version="1.0" encoding="UTF-8"?>
<!-- Generated by org.testng.reporters.JUnitReportReporter -->
<testsuite hostname="jayashree-pc" name="test_cases.VerifyLoginPageWithReports" tests="1" failures="0" timestamp="1 Aug 2018 18:36:42 GMT" time="22.977" errors="0">
  <testcase name="testLoginPage" time="22.977" classname="test_cases.VerifyLoginPageWithReports"/>
</testsuite> <!-- test_cases.VerifyLoginPageWithReports -->
