<?xml version="1.0" encoding="UTF-8"?>
<!-- Generated by org.testng.reporters.JUnitReportReporter -->
<testsuite hostname="jayashree-pc" name="test_cases.VerifyLoginPageWithReportsAndScreenshots" tests="1" failures="0" timestamp="1 Aug 2018 18:37:27 GMT" time="24.512" errors="0">
  <testcase name="testLoginPage" time="24.512" classname="test_cases.VerifyLoginPageWithReportsAndScreenshots"/>
</testsuite> <!-- test_cases.VerifyLoginPageWithReportsAndScreenshots -->
