<?xml version="1.0" encoding="UTF-8"?>
<!-- Generated by org.testng.reporters.JUnitReportReporter -->
<testsuite hostname="jayashree-pc" name="test_cases.VerifyLoginPage" tests="1" failures="0" timestamp="1 Aug 2018 18:36:09 GMT" time="23.160" errors="0">
  <testcase name="testLoginPage" time="23.160" classname="test_cases.VerifyLoginPage"/>
</testsuite> <!-- test_cases.VerifyLoginPage -->
